#
# There is insufficient memory for the Java Runtime Environment to continue.
# Native memory allocation (mmap) failed to map 67108864 bytes for G1 virtual space
# Possible reasons:
#   The system is out of physical RAM or swap space
#   The process is running with CompressedOops enabled, and the Java Heap may be blocking the growth of the native heap
# Possible solutions:
#   Reduce memory load on the system
#   Increase physical memory or swap space
#   Check if swap backing store is full
#   Decrease Java heap size (-Xmx/-Xms)
#   Decrease number of Java threads
#   Decrease Java thread stack sizes (-Xss)
#   Set larger code cache with -XX:ReservedCodeCacheSize=
#   JVM is running with Unscaled Compressed Oops mode in which the Java heap is
#     placed in the first 4GB address space. The Java Heap base address is the
#     maximum limit for the native heap growth. Please use -XX:HeapBaseMinAddress
#     to set the Java Heap base and to place the Java Heap above 4GB virtual address.
# This output file may be truncated or incomplete.
#
#  Out of Memory Error (os_windows.cpp:3469), pid=11908, tid=2060
#
# JRE version:  (17.0.1+12) (build )
# Java VM: Java HotSpot(TM) 64-Bit Server VM (17.0.1+12-LTS-39, mixed mode, sharing, tiered, compressed oops, compressed class ptrs, g1 gc, windows-amd64)
# No core dump will be written. Minidumps are not enabled by default on client versions of Windows
#

---------------  S U M M A R Y ------------

Command Line: -Dfile.encoding=windows-1252 -XX:+ShowCodeDetailsInExceptionMessages Main

Host: Intel(R) Core(TM) i3-5015U CPU @ 2.10GHz, 4 cores, 3G,  Windows 10 , 64 bit Build 19041 (10.0.19041.2364)
Time: Tue Jan 10 23:29:12 2023 Hora oficial do Brasil elapsed time: 0.065575 seconds (0d 0h 0m 0s)

---------------  T H R E A D  ---------------

Current thread (0x0000028404eeccf0):  JavaThread "Unknown thread" [_thread_in_vm, id=2060, stack(0x0000008ec2600000,0x0000008ec2700000)]

Stack: [0x0000008ec2600000,0x0000008ec2700000]
Native frames: (J=compiled Java code, j=interpreted, Vv=VM code, C=native code)
V  [jvm.dll+0x66fa1a]
V  [jvm.dll+0x7ce5a4]
V  [jvm.dll+0x7cfd4e]
V  [jvm.dll+0x7d03b3]
V  [jvm.dll+0x242b05]
V  [jvm.dll+0x66ca39]
V  [jvm.dll+0x661502]
V  [jvm.dll+0x30081b]
V  [jvm.dll+0x307da6]
V  [jvm.dll+0x357a1e]
V  [jvm.dll+0x357c4f]
V  [jvm.dll+0x2d7ad8]
V  [jvm.dll+0x2d8a44]
V  [jvm.dll+0x7a01e1]
V  [jvm.dll+0x365791]
V  [jvm.dll+0x77f6cc]
V  [jvm.dll+0x3e812f]
V  [jvm.dll+0x3e9bd1]
C  [jli.dll+0x527b]
C  [ucrtbase.dll+0x21bb2]
C  [KERNEL32.DLL+0x17614]
C  [ntdll.dll+0x526a1]


---------------  P R O C E S S  ---------------

Threads class SMR info:
_java_thread_list=0x00007ffb1bbd7818, length=0, elements={
}

Java Threads: ( => current thread )

Other Threads:
  0x0000028404f1b7d0 GCTaskThread "GC Thread#0" [stack: 0x0000008ec2700000,0x0000008ec2800000] [id=8544]
  0x0000028404f24390 ConcurrentGCThread "G1 Main Marker" [stack: 0x0000008ec2800000,0x0000008ec2900000] [id=11636]
  0x0000028404f25540 ConcurrentGCThread "G1 Conc#0" [stack: 0x0000008ec2900000,0x0000008ec2a00000] [id=10608]

[error occurred during error reporting (printing all threads), id 0xc0000005, EXCEPTION_ACCESS_VIOLATION (0xc0000005) at pc=0x00007ffb1b4284b7]

VM state: not at safepoint (not fully initialized)

VM Mutex/Monitor currently owned by a thread:  ([mutex/lock_event])
[0x0000028404ee9b20] Heap_lock - owner thread: 0x0000028404eeccf0

Heap address: 0x00000000c1c00000, size: 996 MB, Compressed Oops mode: 32-bit

CDS archive(s) mapped at: [0x0000000000000000-0x0000000000000000-0x0000000000000000), size 0, SharedBaseAddress: 0x0000000800000000, ArchiveRelocationMode: 0.
Narrow klass base: 0x0000000000000000, Narrow klass shift: 0, Narrow klass range: 0x0

GC Precious Log:
<Empty>

Heap:
 garbage-first heap   total 0K, used 0K [0x00000000c1c00000, 0x0000000100000000)
  region size 1024K, 0 young (0K), 0 survivors (0K)

[error occurred during error reporting (printing heap information), id 0xc0000005, EXCEPTION_ACCESS_VIOLATION (0xc0000005) at pc=0x00007ffb1b808d89]

GC Heap History (0 events):
No events

Deoptimization events (0 events):
No events

Classes unloaded (0 events):
No events

Classes redefined (0 events):
No events

Internal exceptions (0 events):
No events

VM Operations (0 events):
No events

Events (1 events):
Event: 0.010 Loaded shared library C:\Program Files\Java\jdk-17.0.1\bin\java.dll


Dynamic libraries:
0x00007ff61cf00000 - 0x00007ff61cf10000 	C:\Program Files\Java\jdk-17.0.1\bin\javaw.exe
0x00007ffb67050000 - 0x00007ffb67248000 	C:\WINDOWS\SYSTEM32\ntdll.dll
0x00007ffb65850000 - 0x00007ffb6590f000 	C:\WINDOWS\System32\KERNEL32.DLL
0x00007ffb64b40000 - 0x00007ffb64e12000 	C:\WINDOWS\System32\KERNELBASE.dll
0x00007ffb64a40000 - 0x00007ffb64b40000 	C:\WINDOWS\System32\ucrtbase.dll
0x00007ffb4f1e0000 - 0x00007ffb4f1f8000 	C:\Program Files\Java\jdk-17.0.1\bin\jli.dll
0x00007ffb650c0000 - 0x00007ffb6516e000 	C:\WINDOWS\System32\ADVAPI32.dll
0x00007ffb664e0000 - 0x00007ffb6657e000 	C:\WINDOWS\System32\msvcrt.dll
0x00007ffb66c10000 - 0x00007ffb66cac000 	C:\WINDOWS\System32\sechost.dll
0x00007ffb659a0000 - 0x00007ffb65ac5000 	C:\WINDOWS\System32\RPCRT4.dll
0x00007ffb65b00000 - 0x00007ffb65ca1000 	C:\WINDOWS\System32\USER32.dll
0x00007ffb65090000 - 0x00007ffb650b2000 	C:\WINDOWS\System32\win32u.dll
0x00007ffb65ad0000 - 0x00007ffb65afb000 	C:\WINDOWS\System32\GDI32.dll
0x00007ffb64f80000 - 0x00007ffb6508f000 	C:\WINDOWS\System32\gdi32full.dll
0x00007ffb64ee0000 - 0x00007ffb64f7d000 	C:\WINDOWS\System32\msvcp_win.dll
0x00007ffb4e330000 - 0x00007ffb4e34a000 	C:\Program Files\Java\jdk-17.0.1\bin\VCRUNTIME140.dll
0x00007ffb54fa0000 - 0x00007ffb5523a000 	C:\WINDOWS\WinSxS\amd64_microsoft.windows.common-controls_6595b64144ccf1df_6.0.19041.1110_none_60b5254171f9507e\COMCTL32.dll
0x00007ffb55f60000 - 0x00007ffb55f6a000 	C:\WINDOWS\SYSTEM32\VERSION.dll
0x00007ffb666d0000 - 0x00007ffb66702000 	C:\WINDOWS\System32\IMM32.DLL
0x00007ffb4f530000 - 0x00007ffb4f53c000 	C:\Program Files\Java\jdk-17.0.1\bin\vcruntime140_1.dll
0x00007ffb31c70000 - 0x00007ffb31cfd000 	C:\Program Files\Java\jdk-17.0.1\bin\msvcp140.dll
0x00007ffb1b140000 - 0x00007ffb1bcfe000 	C:\Program Files\Java\jdk-17.0.1\bin\server\jvm.dll
0x00007ffb66cb0000 - 0x00007ffb66cb8000 	C:\WINDOWS\System32\PSAPI.DLL
0x00007ffb4d460000 - 0x00007ffb4d487000 	C:\WINDOWS\SYSTEM32\WINMM.dll
0x00007ffb55370000 - 0x00007ffb55379000 	C:\WINDOWS\SYSTEM32\WSOCK32.dll
0x00007ffb66b80000 - 0x00007ffb66beb000 	C:\WINDOWS\System32\WS2_32.dll
0x00007ffb62550000 - 0x00007ffb62562000 	C:\WINDOWS\SYSTEM32\kernel.appcore.dll
0x00007ffb4f480000 - 0x00007ffb4f48a000 	C:\Program Files\Java\jdk-17.0.1\bin\jimage.dll
0x00007ffb55650000 - 0x00007ffb55834000 	C:\WINDOWS\SYSTEM32\DBGHELP.DLL
0x00007ffb552f0000 - 0x00007ffb55325000 	C:\WINDOWS\SYSTEM32\dbgcore.DLL
0x00007ffb647a0000 - 0x00007ffb64822000 	C:\WINDOWS\System32\bcryptPrimitives.dll
0x00007ffb4a680000 - 0x00007ffb4a6a5000 	C:\Program Files\Java\jdk-17.0.1\bin\java.dll

dbghelp: loaded successfully - version: 4.0.5 - missing functions: none
symbol engine: initialized successfully - sym options: 0x614 - pdb path: .;C:\Program Files\Java\jdk-17.0.1\bin;C:\WINDOWS\SYSTEM32;C:\WINDOWS\WinSxS\amd64_microsoft.windows.common-controls_6595b64144ccf1df_6.0.19041.1110_none_60b5254171f9507e;C:\Program Files\Java\jdk-17.0.1\bin\server

VM Arguments:
jvm_args: -Dfile.encoding=windows-1252 -XX:+ShowCodeDetailsInExceptionMessages 
java_command: Main
java_class_path (initial): C:\Users\Administrador\eclipse-workspace\trilha-java-basico\BancoDigital\bin
Launcher Type: SUN_STANDARD

[Global flags]
     intx CICompilerCount                          = 3                                         {product} {ergonomic}
     uint ConcGCThreads                            = 1                                         {product} {ergonomic}
     uint G1ConcRefinementThreads                  = 4                                         {product} {ergonomic}
   size_t G1HeapRegionSize                         = 1048576                                   {product} {ergonomic}
    uintx GCDrainStackTargetSize                   = 64                                        {product} {ergonomic}
   size_t InitialHeapSize                          = 67108864                                  {product} {ergonomic}
   size_t MarkStackSize                            = 4194304                                   {product} {ergonomic}
   size_t MaxHeapSize                              = 1044381696                                {product} {ergonomic}
   size_t MinHeapDeltaBytes                        = 1048576                                   {product} {ergonomic}
   size_t MinHeapSize                              = 8388608                                   {product} {ergonomic}
    uintx NonNMethodCodeHeapSize                   = 5832780                                {pd product} {ergonomic}
    uintx NonProfiledCodeHeapSize                  = 122912730                              {pd product} {ergonomic}
    uintx ProfiledCodeHeapSize                     = 122912730                              {pd product} {ergonomic}
    uintx ReservedCodeCacheSize                    = 251658240                              {pd product} {ergonomic}
     bool SegmentedCodeCache                       = true                                      {product} {ergonomic}
     bool ShowCodeDetailsInExceptionMessages       = true                                   {manageable} {command line}
   size_t SoftMaxHeapSize                          = 1044381696                             {manageable} {ergonomic}
     bool UseCompressedClassPointers               = true                           {product lp64_product} {ergonomic}
     bool UseCompressedOops                        = true                           {product lp64_product} {ergonomic}
     bool UseG1GC                                  = true                                      {product} {ergonomic}
     bool UseLargePagesIndividualAllocation        = false                                  {pd product} {ergonomic}

Logging:
Log output configuration:
 #0: stdout all=warning uptime,level,tags
 #1: stderr all=off uptime,level,tags

Environment Variables:
PATH=C:/Program Files/Java/jdk-19/bin/server;C:/Program Files/Java/jdk-19/bin;C:/Users/ADMINI~1/AppData/Local/Temp/eoi9B81.tmp//plugins/org.eclipse.justj.openjdk.hotspot.jre.minimal.stripped.win32.x86_64_17.0.4.v20221004-1257/jre/bin/server;C:/Users/ADMINI~1/AppData/Local/Temp/eoi9B81.tmp//plugins/org.eclipse.justj.openjdk.hotspot.jre.minimal.stripped.win32.x86_64_17.0.4.v20221004-1257/jre/bin;C:\Program Files\Google\Chrome\Application;C:\Program Files\Common Files\Oracle\Java\javapath;C:\Program Files (x86)\Common Files\Oracle\Java\javapath;C:\Program Files (x86)\Intel\iCLS Client\;C:\Program Files\Intel\iCLS Client\;C:\WINDOWS\system32;C:\WINDOWS;C:\WINDOWS\System32\Wbem;C:\WINDOWS\System32\WindowsPowerShell\v1.0\;C:\Program Files (x86)\Intel\Intel(R) Management Engine Components\DAL;C:\Program Files\Intel\Intel(R) Management Engine Components\DAL;C:\Program Files (x86)\Intel\Intel(R) Management Engine Components\IPT;C:\Program Files\Intel\Intel(R) Management Engine Components\IPT;C:\WINDOWS\System32\OpenSSH\;C:\Program Files\dotnet\;C:\Windows\Microsoft.NET\Framework64\v4.0.30319;C:\Program Files (x86)\dotnet\;C:\Users\Administrador\AppData\Local\Microsoft\WindowsApps;C:\Users\Administrador\.dotnet\tools;C:\Users\Administrador\AppData\Local\Programs\Microsoft VS Code\bin;C:\Users\Administrador\Downloads;;C:\Users\Administrador\Downloads;
USERNAME=Administrador
OS=Windows_NT
PROCESSOR_IDENTIFIER=Intel64 Family 6 Model 61 Stepping 4, GenuineIntel



---------------  S Y S T E M  ---------------

OS:
 Windows 10 , 64 bit Build 19041 (10.0.19041.2364)
OS uptime: 0 days 14:17 hours

CPU: total 4 (initial active 4) (2 cores per cpu, 2 threads per core) family 6 model 61 stepping 4 microcode 0x2d, cx8, cmov, fxsr, ht, mmx, 3dnowpref, sse, sse2, sse3, ssse3, sse4.1, sse4.2, popcnt, lzcnt, tsc, tscinvbit, avx, avx2, aes, erms, clmul, bmi1, bmi2, adx, fma, vzeroupper, clflush

Memory: 4k page, system-wide physical 3982M (382M free)
TotalPageFile size 8078M (AvailPageFile size 10M)
current process WorkingSet (physical memory assigned to process): 10M, peak: 10M
current process commit charge ("private bytes"): 51M, peak: 115M

vm_info: Java HotSpot(TM) 64-Bit Server VM (17.0.1+12-LTS-39) for windows-amd64 JRE (17.0.1+12-LTS-39), built on Sep 27 2021 18:41:35 by "mach5one" with MS VC++ 16.8 (VS2019)

END.
